        -:    0:Source:/tmp/tmp.aGTKLkgnJ8/src/UI/UI.cpp
        -:    0:Graph:/tmp/tmp.aGTKLkgnJ8/cmake-build-debug-coverage/CMakeFiles/a5_6_AndreiFabianPop.dir/src/UI/UI.cpp.gcno
        -:    0:Data:/tmp/tmp.aGTKLkgnJ8/cmake-build-debug-coverage/CMakeFiles/a5_6_AndreiFabianPop.dir/src/UI/UI.cpp.gcda
        -:    0:Runs:1
        -:    0:Programs:1
        -:    1://
        -:    2:// Created by andre on 19/03/2022.
        -:    3://
        -:    4:
        -:    5:#include "UI.h"
        -:    6:
function _ZN5AdminC2ERK7Service called 0 returned 0% blocks executed 0%
    #####:    7:Admin::Admin(const Service &service) : UI(service) {
    $$$$$:    7-block  0
    $$$$$:    7-block  1
call    0 never executed
        -:    8:
    #####:    9:}
        -:   10:
function _ZN5Admin5startEv called 0 returned 0% blocks executed 0%
    #####:   11:void Admin::start() {
    $$$$$:   11-block  0
    #####:   12:    int admin_command = -1;
    $$$$$:   12-block  0
    #####:   13:    while (admin_command != 0) {
    $$$$$:   13-block  0
branch  0 never executed
branch  1 never executed
    $$$$$:   13-block  1
    #####:   14:        print_options();
    $$$$$:   14-block  0
call    0 never executed
    #####:   15:        admin_command = get_user_input();
call    0 never executed
    #####:   16:        if (admin_command < 0 || admin_command > MAX_OPTION) {
branch  0 never executed
branch  1 never executed
    $$$$$:   16-block  0
branch  2 never executed
branch  3 never executed
    #####:   17:            std::cout << "This command index does not exist, please enter a valid command." << std::endl;
    $$$$$:   17-block  0
call    0 never executed
call    1 never executed
    #####:   18:            admin_command = -1;
        -:   19:        } else {
    #####:   20:            if (admin_command == 1) {
    $$$$$:   20-block  0
branch  0 never executed
branch  1 never executed
    #####:   21:                add();
    $$$$$:   21-block  0
call    0 never executed
    #####:   22:            } else if (admin_command == 2) {
    $$$$$:   22-block  0
branch  0 never executed
branch  1 never executed
    #####:   23:                remove();
    $$$$$:   23-block  0
call    0 never executed
    #####:   24:            } else if (admin_command == 3) {
    $$$$$:   24-block  0
branch  0 never executed
branch  1 never executed
    #####:   25:                update();
    $$$$$:   25-block  0
call    0 never executed
    #####:   26:            } else if (admin_command == 4) {
    $$$$$:   26-block  0
branch  0 never executed
branch  1 never executed
    #####:   27:                print_all();
    $$$$$:   27-block  0
call    0 never executed
        -:   28:            }
        -:   29:        }
        -:   30:    }
    #####:   31:}
        -:   32:
function _ZN5Admin13print_optionsEv called 0 returned 0% blocks executed 0%
    #####:   33:void Admin::print_options() {
    $$$$$:   33-block  0
    #####:   34:    std::cout << "Administrator options:" << std::endl;
    $$$$$:   34-block  0
call    0 never executed
call    1 never executed
    #####:   35:    std::cout << "0. Exit" << std::endl;
call    0 never executed
call    1 never executed
    #####:   36:    std::cout << "1. Add tutorial" << std::endl;
call    0 never executed
call    1 never executed
    #####:   37:    std::cout << "2. Delete tutorial" << std::endl;
call    0 never executed
call    1 never executed
    #####:   38:    std::cout << "3. Update tutorial" << std::endl;
call    0 never executed
call    1 never executed
    #####:   39:    std::cout << "4. See all tutorials" << std::endl;
call    0 never executed
call    1 never executed
    #####:   40:}
        -:   41:
function _ZN5Admin3addEv called 0 returned 0% blocks executed 0%
    #####:   42:void Admin::add() {
    $$$$$:   42-block  0
    #####:   43:    std::string title, presenter, link;
    $$$$$:   43-block  0
call    0 never executed
call    1 never executed
call    2 never executed
    $$$$$:   43-block  1
call    3 never executed
call    4 never executed
call    5 never executed
    %%%%%:   43-block  2
call    6 never executed
    %%%%%:   43-block  3
call    7 never executed
    %%%%%:   43-block  4
call    8 never executed
        -:   44:    int duration_minutes, duration_seconds, likes;
    #####:   45:    std::cin.get();
call    0 never executed
branch  1 never executed
branch  2 never executed
    #####:   46:    std::cout << "Enter the tutorial title(max 100 characters):" << std::endl;
    $$$$$:   46-block  0
call    0 never executed
branch  1 never executed
branch  2 never executed
    $$$$$:   46-block  1
call    3 never executed
branch  4 never executed
branch  5 never executed
    #####:   47:    std::cin >> title;
    $$$$$:   47-block  0
call    0 never executed
branch  1 never executed
branch  2 never executed
        -:   48:
    #####:   49:    std::cout << "Enter the tutorial presenter(max 100 characters):\n";
    $$$$$:   49-block  0
call    0 never executed
branch  1 never executed
branch  2 never executed
    #####:   50:    std::cin >> presenter;
    $$$$$:   50-block  0
call    0 never executed
branch  1 never executed
branch  2 never executed
        -:   51:
    #####:   52:    std::cout << "Enter the tutorial duration in minutes:\n";
    $$$$$:   52-block  0
call    0 never executed
branch  1 never executed
branch  2 never executed
    #####:   53:    duration_minutes = get_user_input();
    $$$$$:   53-block  0
call    0 never executed
branch  1 never executed
branch  2 never executed
        -:   54:
    #####:   55:    std::cout << "Enter the tutorial duration in seconds:\n";
    $$$$$:   55-block  0
call    0 never executed
branch  1 never executed
branch  2 never executed
    #####:   56:    duration_seconds = get_user_input();
    $$$$$:   56-block  0
call    0 never executed
branch  1 never executed
branch  2 never executed
        -:   57:
    #####:   58:    std::cout << "Enter the tutorial likes:\n";
    $$$$$:   58-block  0
call    0 never executed
branch  1 never executed
branch  2 never executed
    #####:   59:    likes = get_user_input();
    $$$$$:   59-block  0
call    0 never executed
branch  1 never executed
branch  2 never executed
        -:   60:
    #####:   61:    std::cin.get();
    $$$$$:   61-block  0
call    0 never executed
branch  1 never executed
branch  2 never executed
    #####:   62:    std::cout << "Enter the tutorial link(max 100 characters):\n";
    $$$$$:   62-block  0
call    0 never executed
branch  1 never executed
branch  2 never executed
    #####:   63:    std::cin >> link;
    $$$$$:   63-block  0
call    0 never executed
branch  1 never executed
branch  2 never executed
        -:   64:
    #####:   65:    int result = service.add(title, presenter, duration_minutes, duration_seconds, likes, link);
    $$$$$:   65-block  0
call    0 never executed
branch  1 never executed
branch  2 never executed
    $$$$$:   65-block  1
call    3 never executed
branch  4 never executed
branch  5 never executed
    $$$$$:   65-block  2
call    6 never executed
branch  7 never executed
branch  8 never executed
    $$$$$:   65-block  3
call    9 never executed
branch 10 never executed
branch 11 never executed
    $$$$$:   65-block  4
call   12 never executed
call   13 never executed
call   14 never executed
    %%%%%:   65-block  5
call   15 never executed
    %%%%%:   65-block  6
    %%%%%:   65-block  7
call   16 never executed
    %%%%%:   65-block  8
    %%%%%:   65-block  9
call   17 never executed
    %%%%%:   65-block 10
    #####:   66:    if (result == 1) {
branch  0 never executed
branch  1 never executed
    #####:   67:        std::cout << "Tutorial added successfully.\n";
    $$$$$:   67-block  0
call    0 never executed
branch  1 never executed
branch  2 never executed
    $$$$$:   67-block  1
    #####:   68:    } else if (result == 0) {
    $$$$$:   68-block  0
branch  0 never executed
branch  1 never executed
    #####:   69:        std::cout << "This tutorial already exists, no tutorial was added.\n";
    $$$$$:   69-block  0
call    0 never executed
branch  1 never executed
branch  2 never executed
    $$$$$:   69-block  1
    #####:   70:    } else if (result == -1) {
    $$$$$:   70-block  0
branch  0 never executed
branch  1 never executed
    #####:   71:        std::cout << "The duration in minutes is incorrect, no tutorial was created.\n";
    $$$$$:   71-block  0
call    0 never executed
branch  1 never executed
branch  2 never executed
    $$$$$:   71-block  1
    #####:   72:    } else if (result == -2) {
    $$$$$:   72-block  0
branch  0 never executed
branch  1 never executed
    #####:   73:        std::cout << "The duration in seconds is incorrect, no tutorial was created.\n";
    $$$$$:   73-block  0
call    0 never executed
branch  1 never executed
branch  2 never executed
    $$$$$:   73-block  1
    #####:   74:    } else if (result == -3) {
    $$$$$:   74-block  0
branch  0 never executed
branch  1 never executed
    #####:   75:        std::cout << "The number of likes is incorrect, no tutorial was created.\n";
    $$$$$:   75-block  0
call    0 never executed
branch  1 never executed
branch  2 never executed
    $$$$$:   75-block  1
        -:   76:    }
    #####:   77:}
        -:   78:
function _ZN5Admin6removeEv called 0 returned 0% blocks executed 0%
    #####:   79:void Admin::remove() {
    $$$$$:   79-block  0
    #####:   80:    std::cout << "The tutorial entries are:\n";
    $$$$$:   80-block  0
call    0 never executed
    #####:   81:    print_all();
call    0 never executed
    #####:   82:    std::cout << "Choose the entry that you want ot remove: ";
call    0 never executed
    #####:   83:    int index = get_user_input();
call    0 never executed
        -:   84:
    #####:   85:    int result = service.remove(index);
call    0 never executed
    #####:   86:    if (result == 1) {
branch  0 never executed
branch  1 never executed
    #####:   87:        std::cout << "Tutorial removed successfully" << std::endl;
    $$$$$:   87-block  0
call    0 never executed
call    1 never executed
    #####:   88:    } else if (result == 0) {
    $$$$$:   88-block  0
branch  0 never executed
branch  1 never executed
    #####:   89:        std::cout << "No tutorial with this index was found" << std::endl;
    $$$$$:   89-block  0
call    0 never executed
call    1 never executed
        -:   90:    }
    #####:   91:}
        -:   92:
function _ZN5Admin6updateEv called 0 returned 0% blocks executed 0%
    #####:   93:void Admin::update() {
    $$$$$:   93-block  0
    #####:   94:    std::cout << "The tutorial entries are:\n";
    $$$$$:   94-block  0
call    0 never executed
    #####:   95:    print_all();
call    0 never executed
    #####:   96:    std::cout << "Choose the entry that you want ot remove: ";
call    0 never executed
    #####:   97:    int index = get_user_input();
call    0 never executed
    #####:   98:    if (!service.valid_index(index)) {
call    0 never executed
branch  1 never executed
branch  2 never executed
    #####:   99:        std::cout << "Index is not valid, please enter a valid one." << std::endl;
    $$$$$:   99-block  0
call    0 never executed
call    1 never executed
        -:  100:    } else {
    #####:  101:        std::cout << "Entry selected. What is the field you want to update?" << std::endl;
    $$$$$:  101-block  0
call    0 never executed
call    1 never executed
    #####:  102:        std::cout << "0. Title\n1. Presenter\n2. Duration in minutes\n3. Duration in seconds\n4. Number of likes\n5. Link\n";
call    0 never executed
    #####:  103:        int field_index = get_user_input();
call    0 never executed
    #####:  104:        if (field_index >= 0 && field_index < 6) {
branch  0 never executed
branch  1 never executed
    $$$$$:  104-block  0
branch  2 never executed
branch  3 never executed
    #####:  105:            if (field_index < 2 || field_index == 5) {
    $$$$$:  105-block  0
branch  0 never executed
branch  1 never executed
    $$$$$:  105-block  1
branch  2 never executed
branch  3 never executed
    #####:  106:                std::cout << "Enter the new string:" << std::endl;
    $$$$$:  106-block  0
call    0 never executed
branch  1 never executed
branch  2 never executed
    $$$$$:  106-block  1
call    3 never executed
branch  4 never executed
branch  5 never executed
    #####:  107:                std::string field;
    $$$$$:  107-block  0
call    0 never executed
call    1 never executed
    %%%%%:  107-block  1
call    2 never executed
    %%%%%:  107-block  2
call    3 never executed
    #####:  108:                std::cin.get();
call    0 never executed
branch  1 never executed
branch  2 never executed
    #####:  109:                std::cin >> field;
    $$$$$:  109-block  0
call    0 never executed
branch  1 never executed
branch  2 never executed
    #####:  110:                service.update(index, field_index, field, -1);
    $$$$$:  110-block  0
call    0 never executed
branch  1 never executed
branch  2 never executed
    $$$$$:  110-block  1
call    3 never executed
branch  4 never executed
branch  5 never executed
    $$$$$:  110-block  2
call    6 never executed
    %%%%%:  110-block  3
call    7 never executed
    %%%%%:  110-block  4
        -:  111:            } else {
    #####:  112:                std::cout << "Enter the new integer:" << std::endl;
    $$$$$:  112-block  0
call    0 never executed
branch  1 never executed
branch  2 never executed
    $$$$$:  112-block  1
call    3 never executed
branch  4 never executed
branch  5 never executed
        -:  113:                int field;
    #####:  114:                std::cin >> field;
    $$$$$:  114-block  0
call    0 never executed
branch  1 never executed
branch  2 never executed
    #####:  115:                service.update(index, field_index, "", field);
    $$$$$:  115-block  0
call    0 never executed
call    1 never executed
branch  2 never executed
branch  3 never executed
    $$$$$:  115-block  1
call    4 never executed
branch  5 never executed
branch  6 never executed
    $$$$$:  115-block  2
call    7 never executed
call    8 never executed
    %%%%%:  115-block  3
call    9 never executed
    %%%%%:  115-block  4
    %%%%%:  115-block  5
call   10 never executed
    %%%%%:  115-block  6
    #####:  116:            }
    $$$$$:  116-block  0
        -:  117:        } else {
    #####:  118:            std::cout << "Invalid field. No changes were made." << std::endl;
    $$$$$:  118-block  0
call    0 never executed
call    1 never executed
        -:  119:        }
        -:  120:    }
    #####:  121:}
    $$$$$:  121-block  0
        -:  122:
function _ZN5Admin9print_allEv called 0 returned 0% blocks executed 0%
    #####:  123:void Admin::print_all() {
    $$$$$:  123-block  0
    #####:  124:    DynamicVector<Tutorial> arr = service.get_all();
    $$$$$:  124-block  0
call    0 never executed
branch  1 never executed
branch  2 never executed
    $$$$$:  124-block  1
call    3 never executed
    %%%%%:  124-block  2
call    4 never executed
    #####:  125:    for (int i = 0; i < arr.getSize(); ++i) {
    $$$$$:  125-block  0
    $$$$$:  125-block  1
call    0 never executed
branch  1 never executed
branch  2 never executed
    #####:  126:        std::cout << i << ". " << arr[i].get_title() << ", by " << arr[i].get_presenter() <<
    $$$$$:  126-block  0
call    0 never executed
call    1 never executed
branch  2 never executed
branch  3 never executed
    $$$$$:  126-block  1
call    4 never executed
call    5 never executed
branch  6 never executed
branch  7 never executed
call    8 never executed
call    9 never executed
    %%%%%:  126-block  2
call   10 never executed
    %%%%%:  126-block  3
    %%%%%:  126-block  4
call   11 never executed
    %%%%%:  126-block  5
    #####:  127:        " with a length of " << arr[i].get_duration_minutes() << ":" << arr[i].get_duration_seconds() <<
    $$$$$:  127-block  0
call    0 never executed
branch  1 never executed
branch  2 never executed
    $$$$$:  127-block  1
call    3 never executed
branch  4 never executed
branch  5 never executed
    $$$$$:  127-block  2
call    6 never executed
branch  7 never executed
branch  8 never executed
    $$$$$:  127-block  3
call    9 never executed
branch 10 never executed
branch 11 never executed
    $$$$$:  127-block  4
call   12 never executed
branch 13 never executed
branch 14 never executed
    $$$$$:  127-block  5
call   15 never executed
branch 16 never executed
branch 17 never executed
    $$$$$:  127-block  6
call   18 never executed
call   19 never executed
branch 20 never executed
branch 21 never executed
    $$$$$:  127-block  7
call   22 never executed
branch 23 never executed
branch 24 never executed
    $$$$$:  127-block  8
call   25 never executed
branch 26 never executed
branch 27 never executed
    $$$$$:  127-block  9
call   28 never executed
call   29 never executed
branch 30 never executed
branch 31 never executed
    $$$$$:  127-block 10
call   32 never executed
branch 33 never executed
branch 34 never executed
    #####:  128:        " and " << arr[i].get_likes() << " likes has the link: " << arr[i].get_link() << "." << std::endl;
    $$$$$:  128-block  0
call    0 never executed
branch  1 never executed
branch  2 never executed
    $$$$$:  128-block  1
call    3 never executed
call    4 never executed
branch  5 never executed
branch  6 never executed
    $$$$$:  128-block  2
call    7 never executed
branch  8 never executed
branch  9 never executed
    $$$$$:  128-block  3
call   10 never executed
branch 11 never executed
branch 12 never executed
    $$$$$:  128-block  4
call   13 never executed
call   14 never executed
branch 15 never executed
branch 16 never executed
    $$$$$:  128-block  5
call   17 never executed
branch 18 never executed
branch 19 never executed
    $$$$$:  128-block  6
call   20 never executed
branch 21 never executed
branch 22 never executed
    $$$$$:  128-block  7
call   23 never executed
branch 24 never executed
branch 25 never executed
    $$$$$:  128-block  8
call   26 never executed
    %%%%%:  128-block  9
call   27 never executed
    %%%%%:  128-block 10
        -:  129:    }
    #####:  130:}
        -:  131:
        -:  132:Admin::~Admin() = default;
        -:  133:
function _ZN2UIC2ERK7Service called 1 returned 100% blocks executed 60%
        2:  134:UI::UI(const Service &service) : service(DynamicVector<Tutorial>(0)) {
        1:  134-block  0
        1:  134-block  1
call    0 returned 1
call    1 returned 1
branch  2 taken 1 (fallthrough)
branch  3 taken 0 (throw)
        1:  134-block  2
call    4 returned 1
    %%%%%:  134-block  3
call    5 never executed
    %%%%%:  134-block  4
call    6 never executed
    %%%%%:  134-block  5
call    7 never executed
        1:  135:    this->service = service;
call    0 returned 1
branch  1 taken 1 (fallthrough)
branch  2 taken 0 (throw)
        1:  136:}
        1:  136-block  0
        -:  137:
function _ZN2UI14get_user_inputEv called 2 returned 100% blocks executed 45%
        2:  138:int UI::get_user_input() {
        2:  138-block  0
        -:  139:    int user_input;
        -:  140:    bool is_correct;
        2:  141:    std::cin.exceptions(std::istream::failbit);
        2:  141-block  0
call    0 returned 2
branch  1 taken 2 (fallthrough)
branch  2 taken 0 (throw)
    #####:  142:    do {
    $$$$$:  142-block  0
        -:  143:        try {
        2:  144:            std::cout << "> ";
        2:  144-block  0
call    0 returned 2
branch  1 taken 2 (fallthrough)
branch  2 taken 0 (throw)
        2:  145:            std::cin >> user_input;
        2:  145-block  0
call    0 returned 2
branch  1 taken 2 (fallthrough)
branch  2 taken 0 (throw)
        2:  146:            std::cin.clear();
        2:  146-block  0
call    0 returned 2
branch  1 taken 2 (fallthrough)
branch  2 taken 0 (throw)
        2:  147:            is_correct = true;
        2:  147-block  0
    =====:  148:        } catch (std::ios_base::failure &failure) {
    %%%%%:  148-block  0
call    0 never executed
    %%%%%:  148-block  1
call    1 never executed
    %%%%%:  148-block  2
call    2 never executed
    =====:  149:            is_correct = false;
    =====:  150:            std::cout << "This input is invalid, please enter an integer" << std::endl;
call    0 never executed
branch  1 never executed
branch  2 never executed
    %%%%%:  150-block  0
call    3 never executed
branch  4 never executed
branch  5 never executed
    =====:  151:            std::cin.clear();
    %%%%%:  151-block  0
call    0 never executed
branch  1 never executed
branch  2 never executed
    =====:  152:            std::cin.get();
    %%%%%:  152-block  0
call    0 never executed
branch  1 never executed
branch  2 never executed
        -:  153:        }
        2:  154:    } while (!is_correct);
        2:  154-block  0
branch  0 taken 0 (fallthrough)
branch  1 taken 2
        -:  155:
        2:  156:    return user_input;
        2:  156-block  0
        2:  156-block  1
    %%%%%:  156-block  2
branch  0 never executed
branch  1 never executed
    %%%%%:  156-block  3
        -:  157:}
        -:  158:
        -:  159:UI::~UI() = default;
        -:  160:
function _ZN6ClientC2ERK7Service called 1 returned 100% blocks executed 100%
        2:  161:Client::Client(const Service &service) : UI(service) {
        1:  161-block  0
        1:  161-block  1
call    0 returned 1
        -:  162:
        1:  163:}
        -:  164:
function _ZN6Client5startEv called 1 returned 100% blocks executed 65%
        1:  165:void Client::start() {
        1:  165-block  0
        1:  166:    int client_command = -1;
        1:  166-block  0
        2:  167:    while (client_command != 0) {
        2:  167-block  0
branch  0 taken 1 (fallthrough)
branch  1 taken 1
        1:  167-block  1
        1:  168:        print_options();
        1:  168-block  0
call    0 returned 1
        1:  169:        client_command = get_user_input();
call    0 returned 1
        1:  170:        if (client_command < 0 || client_command > MAX_OPTION) {
branch  0 taken 1 (fallthrough)
branch  1 taken 0
        1:  170-block  0
branch  2 taken 0 (fallthrough)
branch  3 taken 1
    #####:  171:            std::cout << "This command index does not exist, please enter a valid command." << std::endl;
    $$$$$:  171-block  0
call    0 never executed
call    1 never executed
    #####:  172:            client_command = -1;
        -:  173:        } else {
        1:  174:            if (client_command == 1) {
        1:  174-block  0
branch  0 taken 0 (fallthrough)
branch  1 taken 1
    #####:  175:                print_by_presenter();
    $$$$$:  175-block  0
call    0 never executed
        1:  176:            } else if (client_command == 2) {
        1:  176-block  0
branch  0 taken 0 (fallthrough)
branch  1 taken 1
    #####:  177:                delete_from_playlist();
    $$$$$:  177-block  0
call    0 never executed
        1:  178:            } else if (client_command == 3) {
        1:  178-block  0
branch  0 taken 0 (fallthrough)
branch  1 taken 1
    #####:  179:                print_watchlist();
    $$$$$:  179-block  0
call    0 never executed
        -:  180:            }
        -:  181:        }
        -:  182:    }
        1:  183:}
        -:  184:
function _ZN6Client13print_optionsEv called 1 returned 100% blocks executed 100%
        1:  185:void Client::print_options() {
        1:  185-block  0
        1:  186:    std::cout << "Client options:" << std::endl;
        1:  186-block  0
call    0 returned 1
call    1 returned 1
        1:  187:    std::cout << "0. Exit" << std::endl;
call    0 returned 1
call    1 returned 1
        1:  188:    std::cout << "1. See and play tutorials of a given presenter" << std::endl;
call    0 returned 1
call    1 returned 1
        1:  189:    std::cout << "2. Delete from watchlist" << std::endl;
call    0 returned 1
call    1 returned 1
        1:  190:    std::cout << "3. See watchlist" << std::endl;
call    0 returned 1
call    1 returned 1
        1:  191:}
        -:  192:
function _ZN6Client18print_by_presenterEv called 0 returned 0% blocks executed 0%
    #####:  193:void Client::print_by_presenter() {
    $$$$$:  193-block  0
    #####:  194:    std::cout << "Enter the presenter name(or leave empty):";
    $$$$$:  194-block  0
call    0 never executed
branch  1 never executed
branch  2 never executed
    #####:  195:    std::string presenter;
    $$$$$:  195-block  0
call    0 never executed
call    1 never executed
    %%%%%:  195-block  1
call    2 never executed
        -:  196:    char pres[101];
    #####:  197:    std::cin.get();
call    0 never executed
branch  1 never executed
branch  2 never executed
    #####:  198:    std::cin.getline(pres, 101);
    $$$$$:  198-block  0
call    0 never executed
branch  1 never executed
branch  2 never executed
    #####:  199:    presenter = pres;
    $$$$$:  199-block  0
call    0 never executed
branch  1 never executed
branch  2 never executed
        -:  200:
    #####:  201:    DynamicVector<Tutorial> arr = service.get_by_presenter(presenter);
    $$$$$:  201-block  0
call    0 never executed
branch  1 never executed
branch  2 never executed
    $$$$$:  201-block  1
call    3 never executed
    %%%%%:  201-block  2
call    4 never executed
    #####:  202:    for (int i = 0; i < arr.getSize(); ++i) {
    $$$$$:  202-block  0
    $$$$$:  202-block  1
call    0 never executed
branch  1 never executed
branch  2 never executed
    #####:  203:        std::cout << i << ". " << arr[i].get_title() << ", by " << arr[i].get_presenter() <<
    $$$$$:  203-block  0
call    0 never executed
call    1 never executed
branch  2 never executed
branch  3 never executed
    $$$$$:  203-block  1
call    4 never executed
call    5 never executed
branch  6 never executed
branch  7 never executed
call    8 never executed
call    9 never executed
    %%%%%:  203-block  2
call   10 never executed
    %%%%%:  203-block  3
    %%%%%:  203-block  4
call   11 never executed
    %%%%%:  203-block  5
    #####:  204:                  " with a length of " << arr[i].get_duration_minutes() << ":" << arr[i].get_duration_seconds() <<
    $$$$$:  204-block  0
call    0 never executed
branch  1 never executed
branch  2 never executed
    $$$$$:  204-block  1
call    3 never executed
branch  4 never executed
branch  5 never executed
    $$$$$:  204-block  2
call    6 never executed
branch  7 never executed
branch  8 never executed
    $$$$$:  204-block  3
call    9 never executed
branch 10 never executed
branch 11 never executed
    $$$$$:  204-block  4
call   12 never executed
branch 13 never executed
branch 14 never executed
    $$$$$:  204-block  5
call   15 never executed
branch 16 never executed
branch 17 never executed
    $$$$$:  204-block  6
call   18 never executed
call   19 never executed
branch 20 never executed
branch 21 never executed
    $$$$$:  204-block  7
call   22 never executed
branch 23 never executed
branch 24 never executed
    $$$$$:  204-block  8
call   25 never executed
branch 26 never executed
branch 27 never executed
    $$$$$:  204-block  9
call   28 never executed
call   29 never executed
branch 30 never executed
branch 31 never executed
    $$$$$:  204-block 10
call   32 never executed
branch 33 never executed
branch 34 never executed
    #####:  205:                  " and " << arr[i].get_likes() << " likes has the link: " << arr[i].get_link() << "." << std::endl;
    $$$$$:  205-block  0
call    0 never executed
branch  1 never executed
branch  2 never executed
    $$$$$:  205-block  1
call    3 never executed
call    4 never executed
branch  5 never executed
branch  6 never executed
    $$$$$:  205-block  2
call    7 never executed
branch  8 never executed
branch  9 never executed
    $$$$$:  205-block  3
call   10 never executed
branch 11 never executed
branch 12 never executed
    $$$$$:  205-block  4
call   13 never executed
call   14 never executed
branch 15 never executed
branch 16 never executed
    $$$$$:  205-block  5
call   17 never executed
branch 18 never executed
branch 19 never executed
    $$$$$:  205-block  6
call   20 never executed
branch 21 never executed
branch 22 never executed
    $$$$$:  205-block  7
call   23 never executed
branch 24 never executed
branch 25 never executed
    $$$$$:  205-block  8
call   26 never executed
    %%%%%:  205-block  9
call   27 never executed
    %%%%%:  205-block 10
        -:  206:    }
        -:  207:
    #####:  208:    int client_option, index = 0;
    #####:  209:    std::cout << "Playing:" << arr[index].get_title() << ", by " << arr[index].get_presenter() <<
    $$$$$:  209-block  0
call    0 never executed
call    1 never executed
branch  2 never executed
branch  3 never executed
    $$$$$:  209-block  1
call    4 never executed
call    5 never executed
branch  6 never executed
branch  7 never executed
call    8 never executed
call    9 never executed
    %%%%%:  209-block  2
call   10 never executed
    %%%%%:  209-block  3
    %%%%%:  209-block  4
call   11 never executed
    %%%%%:  209-block  5
    #####:  210:                " with a length of " << arr[index].get_duration_minutes() << ":" << arr[index].get_duration_seconds() <<
    $$$$$:  210-block  0
call    0 never executed
branch  1 never executed
branch  2 never executed
    $$$$$:  210-block  1
call    3 never executed
branch  4 never executed
branch  5 never executed
    $$$$$:  210-block  2
call    6 never executed
branch  7 never executed
branch  8 never executed
    $$$$$:  210-block  3
call    9 never executed
branch 10 never executed
branch 11 never executed
    $$$$$:  210-block  4
call   12 never executed
branch 13 never executed
branch 14 never executed
    $$$$$:  210-block  5
call   15 never executed
call   16 never executed
branch 17 never executed
branch 18 never executed
    $$$$$:  210-block  6
call   19 never executed
branch 20 never executed
branch 21 never executed
    $$$$$:  210-block  7
call   22 never executed
branch 23 never executed
branch 24 never executed
    $$$$$:  210-block  8
call   25 never executed
call   26 never executed
branch 27 never executed
branch 28 never executed
    $$$$$:  210-block  9
call   29 never executed
branch 30 never executed
branch 31 never executed
    #####:  211:                " and " << arr[index].get_likes() << " likes has the link: " << arr[index].get_link() << "." << std::endl;
    $$$$$:  211-block  0
call    0 never executed
branch  1 never executed
branch  2 never executed
    $$$$$:  211-block  1
call    3 never executed
call    4 never executed
branch  5 never executed
branch  6 never executed
    $$$$$:  211-block  2
call    7 never executed
branch  8 never executed
branch  9 never executed
    $$$$$:  211-block  3
call   10 never executed
branch 11 never executed
branch 12 never executed
    $$$$$:  211-block  4
call   13 never executed
call   14 never executed
branch 15 never executed
branch 16 never executed
    $$$$$:  211-block  5
call   17 never executed
branch 18 never executed
branch 19 never executed
    $$$$$:  211-block  6
call   20 never executed
branch 21 never executed
branch 22 never executed
    $$$$$:  211-block  7
call   23 never executed
branch 24 never executed
branch 25 never executed
    $$$$$:  211-block  8
call   26 never executed
    %%%%%:  211-block  9
call   27 never executed
    %%%%%:  211-block 10
        -:  212:    while (true) {
    #####:  213:        open_in_browser(arr[index]);
    $$$$$:  213-block  0
call    0 never executed
call    1 never executed
    #####:  214:        std::cout << "Tutorial options:\n"
call    0 never executed
branch  1 never executed
branch  2 never executed
        -:  215:                     "1. Add to playlist\n"
        -:  216:                     "2. Like\n"
        -:  217:                     "3. Next\n"
        -:  218:                     "0. Stop\n";
    #####:  219:        client_option = get_user_input();
    $$$$$:  219-block  0
call    0 never executed
branch  1 never executed
branch  2 never executed
    #####:  220:        if (client_option == 1) {
    $$$$$:  220-block  0
branch  0 never executed
branch  1 never executed
    #####:  221:            int result = service.add_to_playlist(arr[index]);
    $$$$$:  221-block  0
call    0 never executed
call    1 never executed
branch  2 never executed
branch  3 never executed
    #####:  222:            if (result == 1) {
    $$$$$:  222-block  0
branch  0 never executed
branch  1 never executed
    #####:  223:                std::cout << "Tutorial successfully added.\n";
    $$$$$:  223-block  0
call    0 never executed
branch  1 never executed
branch  2 never executed
    $$$$$:  223-block  1
    #####:  224:            } else if (result == 0) {
    $$$$$:  224-block  0
branch  0 never executed
branch  1 never executed
    #####:  225:                std::cout << "Tutorial is already in the watchlist.\n";
    $$$$$:  225-block  0
call    0 never executed
branch  1 never executed
branch  2 never executed
    $$$$$:  225-block  1
    $$$$$:  225-block  2
        -:  226:            }
    #####:  227:        } else if (client_option == 2) {
    $$$$$:  227-block  0
branch  0 never executed
branch  1 never executed
    #####:  228:            service.get_all()[index].set_likes(arr[index].get_likes() + 1);
    $$$$$:  228-block  0
call    0 never executed
branch  1 never executed
branch  2 never executed
    $$$$$:  228-block  1
call    3 never executed
call    4 never executed
call    5 never executed
branch  6 never executed
branch  7 never executed
    $$$$$:  228-block  2
call    8 never executed
branch  9 never executed
branch 10 never executed
    $$$$$:  228-block  3
call   11 never executed
    %%%%%:  228-block  4
call   12 never executed
    %%%%%:  228-block  5
    #####:  229:            arr[index].set_likes(arr[index].get_likes() + 1);
call    0 never executed
call    1 never executed
call    2 never executed
branch  3 never executed
branch  4 never executed
    $$$$$:  229-block  0
call    5 never executed
branch  6 never executed
branch  7 never executed
    #####:  230:            std::cout << "Tutorial liked successfully.\n";
    $$$$$:  230-block  0
call    0 never executed
branch  1 never executed
branch  2 never executed
    $$$$$:  230-block  1
    #####:  231:        } else if (client_option == 3) {
    $$$$$:  231-block  0
branch  0 never executed
branch  1 never executed
    #####:  232:            ++index;
    #####:  233:            if (index >= arr.getSize()) {
    $$$$$:  233-block  0
call    0 never executed
branch  1 never executed
branch  2 never executed
    #####:  234:                index = 0;
    $$$$$:  234-block  0
        -:  235:            }
    #####:  236:            std::cout << "Playing:" << arr[index].get_title() << ", by " << arr[index].get_presenter() <<
    $$$$$:  236-block  0
call    0 never executed
call    1 never executed
branch  2 never executed
branch  3 never executed
    $$$$$:  236-block  1
call    4 never executed
call    5 never executed
branch  6 never executed
branch  7 never executed
call    8 never executed
call    9 never executed
    %%%%%:  236-block  2
call   10 never executed
    %%%%%:  236-block  3
    %%%%%:  236-block  4
call   11 never executed
    %%%%%:  236-block  5
    #####:  237:                      " with a length of " << arr[index].get_duration_minutes() << ":" << arr[index].get_duration_seconds() <<
    $$$$$:  237-block  0
call    0 never executed
branch  1 never executed
branch  2 never executed
    $$$$$:  237-block  1
call    3 never executed
branch  4 never executed
branch  5 never executed
    $$$$$:  237-block  2
call    6 never executed
branch  7 never executed
branch  8 never executed
    $$$$$:  237-block  3
call    9 never executed
branch 10 never executed
branch 11 never executed
    $$$$$:  237-block  4
call   12 never executed
branch 13 never executed
branch 14 never executed
    $$$$$:  237-block  5
call   15 never executed
call   16 never executed
branch 17 never executed
branch 18 never executed
    $$$$$:  237-block  6
call   19 never executed
branch 20 never executed
branch 21 never executed
    $$$$$:  237-block  7
call   22 never executed
branch 23 never executed
branch 24 never executed
    $$$$$:  237-block  8
call   25 never executed
call   26 never executed
branch 27 never executed
branch 28 never executed
    $$$$$:  237-block  9
call   29 never executed
branch 30 never executed
branch 31 never executed
    #####:  238:                      " and " << arr[index].get_likes() << " likes has the link: " << arr[index].get_link() << "." << std::endl;
    $$$$$:  238-block  0
call    0 never executed
branch  1 never executed
branch  2 never executed
    $$$$$:  238-block  1
call    3 never executed
call    4 never executed
branch  5 never executed
branch  6 never executed
    $$$$$:  238-block  2
call    7 never executed
branch  8 never executed
branch  9 never executed
    $$$$$:  238-block  3
call   10 never executed
branch 11 never executed
branch 12 never executed
    $$$$$:  238-block  4
call   13 never executed
call   14 never executed
branch 15 never executed
branch 16 never executed
    $$$$$:  238-block  5
call   17 never executed
branch 18 never executed
branch 19 never executed
    $$$$$:  238-block  6
call   20 never executed
branch 21 never executed
branch 22 never executed
    $$$$$:  238-block  7
call   23 never executed
branch 24 never executed
branch 25 never executed
    $$$$$:  238-block  8
call   26 never executed
    %%%%%:  238-block  9
call   27 never executed
    %%%%%:  238-block 10
    #####:  239:        } else if (client_option == 0) {
    $$$$$:  239-block  0
branch  0 never executed
branch  1 never executed
    #####:  240:            break;
    $$$$$:  240-block  0
    #####:  241:        } else { std::cout << "Invalid input\n"; }
    $$$$$:  241-block  0
call    0 never executed
branch  1 never executed
branch  2 never executed
    #####:  242:    }
    $$$$$:  242-block  0
    #####:  243:}
        -:  244:
function _ZN6Client20delete_from_playlistEv called 0 returned 0% blocks executed 0%
    #####:  245:void Client::delete_from_playlist() {
    $$$$$:  245-block  0
    #####:  246:    print_watchlist();
    $$$$$:  246-block  0
call    0 never executed
        -:  247:
    #####:  248:    std::cout << "Enter the index you want to delete.\n";
call    0 never executed
    #####:  249:    int index = get_user_input();
call    0 never executed
    #####:  250:    int result = service.remove_from_playlist(index);
call    0 never executed
    #####:  251:    if (result == 0) {
branch  0 never executed
branch  1 never executed
    #####:  252:        std::cout << "Invalid index.\n";
    $$$$$:  252-block  0
call    0 never executed
    #####:  253:        return;
        -:  254:    } else {
    #####:  255:        std::cout << "Tutorial removed successfully.\n";
    $$$$$:  255-block  0
call    0 never executed
        -:  256:    }
        -:  257:
        -:  258:}
        -:  259:
function _ZN6Client15open_in_browserERK8Tutorial called 0 returned 0% blocks executed 0%
    #####:  260:void Client::open_in_browser(const Tutorial& tutorial) {
    $$$$$:  260-block  0
        -:  261://    ShellExecuteA(nullptr,
        -:  262://                  nullptr,
        -:  263://                  "chrome.exe",
        -:  264://                  tutorial.get_link().c_str(),
        -:  265://                  nullptr,
        -:  266://                  SW_SHOWMAXIMIZED);
    #####:  267:}
        -:  268:
function _ZN6Client15print_watchlistEv called 0 returned 0% blocks executed 0%
    #####:  269:void Client::print_watchlist() {
    $$$$$:  269-block  0
    #####:  270:    DynamicVector<Tutorial> watchlist = service.get_watchList();
    $$$$$:  270-block  0
call    0 never executed
branch  1 never executed
branch  2 never executed
    $$$$$:  270-block  1
call    3 never executed
    %%%%%:  270-block  2
call    4 never executed
    #####:  271:    for (int i = 0; i < watchlist.getSize(); ++i) {
    $$$$$:  271-block  0
    $$$$$:  271-block  1
call    0 never executed
branch  1 never executed
branch  2 never executed
    #####:  272:        std::cout << i << ". " << watchlist[i].get_title() << ", by " << watchlist[i].get_presenter() <<
    $$$$$:  272-block  0
call    0 never executed
call    1 never executed
branch  2 never executed
branch  3 never executed
    $$$$$:  272-block  1
call    4 never executed
call    5 never executed
branch  6 never executed
branch  7 never executed
call    8 never executed
call    9 never executed
    %%%%%:  272-block  2
call   10 never executed
    %%%%%:  272-block  3
    %%%%%:  272-block  4
call   11 never executed
    %%%%%:  272-block  5
    #####:  273:                  " with a length of " << watchlist[i].get_duration_minutes() << ":" << watchlist[i].get_duration_seconds() <<
    $$$$$:  273-block  0
call    0 never executed
branch  1 never executed
branch  2 never executed
    $$$$$:  273-block  1
call    3 never executed
branch  4 never executed
branch  5 never executed
    $$$$$:  273-block  2
call    6 never executed
branch  7 never executed
branch  8 never executed
    $$$$$:  273-block  3
call    9 never executed
branch 10 never executed
branch 11 never executed
    $$$$$:  273-block  4
call   12 never executed
branch 13 never executed
branch 14 never executed
    $$$$$:  273-block  5
call   15 never executed
branch 16 never executed
branch 17 never executed
    $$$$$:  273-block  6
call   18 never executed
call   19 never executed
branch 20 never executed
branch 21 never executed
    $$$$$:  273-block  7
call   22 never executed
branch 23 never executed
branch 24 never executed
    $$$$$:  273-block  8
call   25 never executed
branch 26 never executed
branch 27 never executed
    $$$$$:  273-block  9
call   28 never executed
call   29 never executed
branch 30 never executed
branch 31 never executed
    $$$$$:  273-block 10
call   32 never executed
branch 33 never executed
branch 34 never executed
    #####:  274:                  " and " << watchlist[i].get_likes() << " likes has the link: " << watchlist[i].get_link() << "." << std::endl;
    $$$$$:  274-block  0
call    0 never executed
branch  1 never executed
branch  2 never executed
    $$$$$:  274-block  1
call    3 never executed
call    4 never executed
branch  5 never executed
branch  6 never executed
    $$$$$:  274-block  2
call    7 never executed
branch  8 never executed
branch  9 never executed
    $$$$$:  274-block  3
call   10 never executed
branch 11 never executed
branch 12 never executed
    $$$$$:  274-block  4
call   13 never executed
call   14 never executed
branch 15 never executed
branch 16 never executed
    $$$$$:  274-block  5
call   17 never executed
branch 18 never executed
branch 19 never executed
    $$$$$:  274-block  6
call   20 never executed
branch 21 never executed
branch 22 never executed
    $$$$$:  274-block  7
call   23 never executed
branch 24 never executed
branch 25 never executed
    $$$$$:  274-block  8
call   26 never executed
    %%%%%:  274-block  9
call   27 never executed
    %%%%%:  274-block 10
        -:  275:    }
    #####:  276:}
        -:  277:
function _GLOBAL__sub_I__ZN5AdminC2ERK7Service called 1 returned 100% blocks executed 100%
function _Z41__static_initialization_and_destruction_0ii called 1 returned 100% blocks executed 100%
        4:  278:Client::~Client() = default;
        1:  278-block  0
        1:  278-block  1
call    0 returned 1
        1:  278-block  2
        1:  278-block  3
branch  1 taken 1 (fallthrough)
branch  2 taken 0
        1:  278-block  4
branch  3 taken 1 (fallthrough)
branch  4 taken 0
